62187
12635
31215
46181
71225
27083
8643
1695
11759
27789
37537
22067
43073
9817
29749
16445
59767
19043
6491
20909
27921
24813
24271
16653
12339
42847
32433
84421
23099
6869
12757
3811
5187
38163
23141
17849
743
19485
68115
127
40497
41333
9267
60639
7759
39851
12311
25943
50517
16197
45455
17579
63149
18211
22765
49833
20991
7469
25331
20745
68407
10777
26963
2069
53365
23365
38503
12883
64769
53667
19577
76995
55375
24475
10907
42333
34657
25883
53235
22723
42217
29713
78187
38483
12059
85973
12099
36865
37193
4391
51559
51309
4859
12797
27183
8549
32467
989
23521
50319
54173
25741
66885
15327
52643
78077
1553
4293
48601
12283
12883
78665
19297
18585
15157
43221
39479
8217
10477
41549
12439
39809
23013
27135
12853
16379
25275
29375
66687
44897
32245
70427
4435
7341
30505
20853
17421
2089
12375
35741
3885
58145
36809
26373
30445
2651
38979
54327
44929
129
25891
35213
23755
11963
49587
24313
12449
14893
3339
10109
34061
43235
1517
5187
25229
58099
4539
66525
23069
22283
14669
27509
43067
35615
16659
18277
21145
20257
36883
53093
54039
8221
77359
27451
13109
68701
13603
17013
12643
48379
4157
65351
7765
4827
4543
925
28997
529
29297
16885
26455
19561
29083
20989
10799
44971
16087
10033
9229
7711
24973
5179
26481
27971
47463
2857
75761
12923
33677
31781
12915
39131
40925
27203
49937
205
30955
12377
44189
32513
15875
23199
6953
26905
38011
64617
30539
12515
15759
13499
247
13809
19937
48729
22467
3131
44041
24245
20565
37203
18997
14129
5523
18359
30963
27477
16791
38229
39929
11983
34397
19919
45457
57963
65909
10537
1405
35009
4411
15251
25213
3529
67169
65599
23773
33207
311
997
25451
19259
30735
25771
8145
30175
31903
27835
12677
68685
44039
14871
12157
8735
61185
46787
153
18343
10351
1127
55973
60947
35381
5069
51137
8881
63291
36455
24379
4311
22895
7867
6589
10355
44621
18201
24667
101
61415
54313
31803
7235
28511
32737
3293
25915
5617
45353
44349
42545
25233
20721
32175
42321
15745
2283
8881
43691
8987
19657
17071
17575
10083
41865
44707
413
16335
17513
30003
1833
14119
17233
29487
22863
25283
8665
48677
63557
14171
11101
16485
29893
6033
67213
773
18825
35969
643
1085
13687
13507
19367
8973
35653
14273
73743
6617
72101
4877
53321
55657
21205
31865
6175
781
4601
5729
10207
19165
16515
5317
14497
50507
7545
43985
69675
7503
52423
49189
8099
48531
18485
64911
37425
14393
9183
46653
17437
10745
11561
74575
783
47387
22917
19825
62905
28201
3703
2647
22605
639
5621
45255
50985
1383
48425
50925
8835
51207
925
74467
72461
64537
40879
18351
15641
40483
18627
1383
60827
535
82187
51447
15937
3435
50501
23359
20549
4129
55491
11967
34373
43479
36879
16771
49379
39765
20125
17265
40695
10649
25575
29581
15541
65031
5937
919
44393
30897
35385
2629
50667
22813
3741
519
18075
25709
18155
59463
73801
15247
38163
5335
14867
60889
29529
30207
43647
47561
9975
14681
47607
4705
45269
30511
8805
16785
2745
85735
12623
37549
50219
41095
1041
8749
10389
4475
38309
5133
1511
22301
9601
30523
14991
28365
33723
57667
22439
56827
2015
33593
20961
18955
6145
11031
24679
10681
27931
33021
5963
60123
24301
331
23553
25055
15965
9721
35093
46359
10027
1871
12675
46267
33005
38009
42355
10191
73415
259
13333
3711
40979
11259
6547
71659
4599
2299
46023
11311
81033
37963
42735
82545
3593
11531
11569
22621
10927
12471
47
16527
70179
10745
36243
11613
48921
17301
26037
5057
11487
49
41111
57975
3653
36367
49045
69599
72527
41851
28371
40099
19555
17721
9945
16419
19895
7713
37143
35639
61931
11477
17179
55887
5027
11345
70441
52779
27161
22945
46295
43969
22923
3399
8083
3541
37507
59365
3717
40197
27185
75549
60407
3495
18231
35653
1887
22633
41551
35489
19453
75633
15913
35267
68261
36637
16287
26905
21517
31871
38003
12423
31475
28903
19405
66453
12301
52767
50559
7455
16599
73713
23041
17463
19755
60801
20021
80159
3267
42883
4951
14513
19953
58277
665
68297
2253
17989
80129
1269
51299
34419
3315
78421
16465
23827
22711
12243
21967
35421
49909
78165
27115
38237
47409
20945
53853
2711
4219
20775
19251
28885
13381
27179
1373
56753
30409
3765
44649
10881
32343
4519
3209
72871
25757
22163
4605
1813
48171
33319
6239
8797
33035
5457
61931
41209
587
36449
68613
40315
4931
27689
5063
66703
43507
49235
30359
35425
20707
12679
9723
32401
25017
36371
3849
32629
5215
8201
5143
21891
29225
1271
3923
41219
38513
35925
60333
4357
37309
18941
42053
37131
31931
6983
7757
14831
17481
34357
24675
60303
54723
29455
40571
33553
37145
39799
26083
34141
2103
51217
1581
14193
4339
11977
8597
16687
8811
65111
7559
19409
39781
103
3085
13199
33501
4705
19487
26067
27613
41507
6667
24213
24743
347
29433
10849
30055
77329
6251
37947
25405
13397
23113
81977
13503
55301
41321
16817
35571
42435
62701
71463
67363
12427
14563
2895
28043
983
4663
2365
17657
34993
14117
34953
17095
6759
7415
58485
16359
12265
2793
25369
42479
14213
7181
15869
18989
10131
41695
457
28541
24275
7513
20997
17985
32405
41277
40071
59691
23353
5749
6877
17343
33211
15331
27761
40537
55073
50697
53499
21945
12429
66805
7055
32723
36611
925
22047
36761
25895
44625
10255
54305
40631
5747
19891
40511
15415
7773
2223
22687
13987
33083
10493
5179
24423
57021
15603
28533
51987
19327
62969
18171
23039
38131
5703
19985
18143
16377
49
22587
47269
54959
15367
50477
19403
33835
21977
6975
44279
18107
40305
53375
64111
3775
68307
29987
61759
17773
25807
17011
13487
48327
13227
7317
26449
8139
31611
42865
26811
28517
5483
15763
42571
2821
23365
6801
45533
63863
34295
10337
21157
35297
7407
30789
38813
17339
1027
29621
39093
7915
18399
207
23643
34601
15959
13299
77869
41849
38797
60423
9901
68275
15591
32515
10415
24645
24797
9175
19473
15113
7255
13331
75027
2441
17195
20805
48143
915
15917
24003
62897
41581
76633
32083
21693
31799
15075
20779
48581
13165
16537
28921
26377
21153
63181
64921
34745
76879
1
2231
76879
28153
