1
229550
12505
688185
239645
66010
10360
750250
577656
362880
518895
761410
20990
632485
40630
210280
373510
436280
546839
359365
0
47280
366995
343880
508030
388680
186345
44645
503025
450535
697695
767935
291305
184315
306885
331690
497475
408555
748455
253415
735645
345780
82190
712372
344865
0
422650
456270
223280
658080
72410
662765
766700
322835
397250
709575
352745
352745
725435
398155
400765
537335
368525
613975
276616
348325
160215
688324
329964
273675
440155
680799
456945
499585
145260
135070
528265
517015
414750
94910
626335
2985
184705
197720
528490
178555
11306
168510
497460
527235
66830
548035
74270
486015
354040
550505
1
764920
411025
704935
692695
57605
172460
610440
610055
156870
259325
139230
690030
708435
766880
102090
15305
654400
151145
232060
544890
384975
447925
42660
114770
769000
395690
233495
754835
99065
109205
514330
538650
554140
616771
730870
606270
199220
702740
287410
701715
437295
320131
331895
252900
88970
285590
519275
144340
51660
472800
172575
62935
742410
355295
136940
634860
476010
347665
547490
336610
193725
734165
99630
309140
604210
691660
703995
709030
237930
203155
319490
157850
137515
615817
345625
0
685110
715450
280150
225480
270415
362305
23590
393600
191675
368795
401595
132305
136360
206025
378915
42025
213995
418550
420250
559855
604206
0
214840
248665
570335
247780
29250
478470
177940
671785
545395
200695
714550
564280
372665
141855
1
429320
667680
677525
183680
7175
336200
249575
191730
548990
0
219735
139605
655835
128035
1
524435
247485
104550
143270
193710
256860
148010
605560
