283218
743749
601077
0
337654
474173
217860
685599
755595
155569
361251
223078
582720
167500
390142
268688
358024
626532
276355
189109
681705
662146
105214
179676
530414
261444
75525
94571
714630
197844
440866
30975
32725
115991
370930
508497
2361
102533
193851
354322
42633
640170
681150
84880
310997
470559
749045
263105
584272
720280
0
0
0
0
0
0
0
0
0
0
0
0
0
0
0
0
0
0
0
0
0
0
0
0
0
0
0
0
0
0
0
0
0
0
0
0
0
0
0
0
0
0
0
0
0
0
0
0
0
0
109821
244982
300855
200638
133075
54475
139529
284995
643990
762100
240195
110455
566702
229275
271395
194807
352162
63809
631744
718908
366322
656961
765626
210223
66741
366309
414958
643531
315654
326315
247689
621595
523672
382252
97783
525002
731683
444169
92341
604810
531000
101077
648392
182335
393410
9215
698282
238575
497580
768498
643183
632926
615617
518224
676825
39412
81366
705979
684416
275929
125413
94215
558839
577590
128103
562440
651135
582615
731728
678071
358558
354250
289944
206598
423521
535152
751920
414075
419343
398438
397354
141160
305105
763573
507265
455320
69375
643845
36372
197820
182980
383207
77399
113170
447553
673926
455195
224560
255722
363113
229770
249485
292935
323615
585829
660679
321605
580079
426035
367406
461978
265568
535708
643882
80925
652790
757360
500243
255267
460037
547630
219308
715345
567398
29792
295393
225826
691391
413600
599694
426120
468416
240814
43246
528203
863
408546
245425
596988
181683
87406
524801
618646
491774
139692
273811
408915
143648
596580
503689
268236
586829
77405
286740
0
158804
207732
0
0
596743
246576
438206
66533
432215
483360
444135
0
257636
0
0
760155
0
413617
0
0
394213
0
657647
410300
0
457925
322505
57889
288511
205713
514350
522344
686860
557501
0
0
0
442156
226203
0
358171
0
134213
173896
118039
252152
508194
538559
266439
133875
208998
182055
209618
646080
51870
410665
116720
584499
90486
496200
173840
599190
208519
518765
229887
168975
605189
517565
488886
56389
398144
640243
372870
253558
709911
72890
509775
512256
468656
397290
402567
62702
641253
283568
34005
760928
761317
697050
288443
481916
534711
233648
554604
684487
688381
0
31346
88375
447696
280790
726743
591280
181235
0
301760
60737
546556
142236
114096
231802
0
419170
0
747258
98336
588660
0
621916
565896
0
0
468110
477016
124318
190594
0
261052
723955
555715
0
655135
179678
286410
138189
140311
334804
693891
279617
395121
424139
436982
545195
130323
598478
364343
574277
385627
342955
62845
243700
679745
168719
393067
295680
223148
237014
358776
464179
441777
524330
294804
494587
223500
462424
487179
457125
688871
340771
669971
423484
500013
318225
667359
313221
278674
559993
405445
651425
660761
456655
63052
315570
590700
493044
144687
465185
45284
635526
396904
107587
565651
148962
240783
431817
511689
62051
629494
301167
686650
17991
125674
488186
692440
580105
94845
413231
329624
465134
504004
682852
572275
287155
596160
183509
686350
234520
262889
289707
258833
683110
734960
85416
586587
418625
370558
178496
371260
338066
191258
157684
40430
748256
230635
545400
766610
548170
407229
255040
340685
345713
264327
230758
344768
541400
670489
153500
584110
144940
331185
581741
770485
394389
287766
474470
707800
430413
232115
731172
360144
405935
577185
206601
132624
189615
691485
349428
123673
215935
445112
669104
688785
576672
378685
469602
488580
455866
756232
259774
237969
604984
146637
9134
326378
55735
514300
709875
365668
302561
534837
211188
441925
278218
756594
611787
233070
241771
83977
269600
87577
347970
436258
358565
401086
372969
734039
267460
117394
768170
346010
681337
479295
13740
36020
730249
745780
604138
462655
325965
578176
151055
108020
401685
385370
334340
198435
628019
439032
7612
133554
488231
19047
424590
700396
695480
322430
580610
644375
295940
64457
343849
460800
547719
209597
629803
402557
590350
360253
646939
467280
53518
699777
88210
497015
153009
48870
35055
500937
370861
354997
565280
395557
318745
511775
627281
100085
651907
666021
253388
523365
395231
303916
581168
569570
32837
129398
689069
98285
264715
76620
321819
17828
424499
712502
373768
177028
50319
697262
472736
22370
591179
679252
224671
484301
20565
14350
328680
188522
359490
181703
572650
66808
185520
309720
622251
270435
694417
51586
248765
514975
646772
719457
480981
73847
109938
574557
12690
421060
708285
21920
318962
457619
618390
190525
391796
291946
350235
753545
210395
25637
657844
447965
439750
317900
243650
685378
759930
510835
126775
520852
718931
456830
480180
718788
507340
411797
505525
518710
101096
161988
272905
131824
301774
728772
272391
66052
384629
204702
313655
687640
732301
149080
647267
281019
711747
116676
2360
663925
350478
372513
422145
175610
768879
318122
388150
231047
579277
51666
330246
237895
755309
381257
136225
194672
502842
323648
259275
671285
589345
509683
510404
675480
26087
576995
185300
444040
544453
69243
214012
569031
65217
128148
83702
629560
456778
338594
246440
118591
647294
743234
289562
744442
509819
736260
89777
424822
628712
453686
270599
620239
294509
303403
550609
360197
599746
269277
579720
549115
507499
43287
76203
148830
45746
596913
585549
299745
546082
211384
431335
710237
687040
404394
421420
644555
726314
24990
614421
193235
702620
567428
705657
441595
659915
463880
206855
93447
148893
106576
8406
369954
213320
766238
559783
302720
83776
583790
689585
303047
296578
476245
653827
423501
291350
534960
311040
613340
288040
657691
665151
32555
143112
576564
402225
379535
648718
720374
360217
557376
667042
290555
77349
754812
509443
673362
200804
741210
209205
97624
413165
739362
528800
272536
517380
763781
179245
54903
135533
455398
264318
664893
230951
362991
767885
415016
616566
22997
28491
60423
564510
111661
78700
12470
96005
162160
726972
361825
140221
443940
595961
366439
364044
115895
663062
627785
637780
132275
283667
265466
602598
545575
288175
712187
226004
250700
462065
577371
574162
204610
647796
546994
212935
16927
154540
518478
238550
548210
446595
268039
738175
615075
633000
404389
340750
553745
282935
198934
209016
153138
128495
157580
365207
373902
310533
154163
709802
512179
298990
279430
559132
387415
628868
452225
484880
323903
400239
583106
65797
452883
143517
400420
613015
48200
356831
695860
442848
588436
486342
2750
379023
223940
242971
242035
708583
305139
641178
461653
120070
114801
92125
38531
154690
417213
703484
348660
343325
159584
237408
196415
68265
249856
376765
760984
227504
146966
588144
237730
329938
160766
76075
630331
687880
240417
433540
40139
57340
8517
13302
259386
628850
407255
650871
291722
435575
276445
363435
273402
279269
377998
180570
203216
689625
479344
260230
262390
649811
303914
239820
695245
556422
226566
338653
502045
227215
8945
627645
612235
721073
447070
719548
667070
713336
423064
256908
103519
449788
482503
720940
403643
432617
473548
617052
729420
151165
675307
486890
532920
528794
653901
143301
153648
322958
302189
228945
241106
590866
652278
181782
486552
540512
120205
595356
47889
183035
599657
384384
718609
248313
166652
355223
691955
461022
408402
754931
677033
691652
366255
573791
558874
201096
170973
672410
326965
563839
318295
428888
403447
739997
614310
589171
642704
245923
612350
767342
264830
345655
352545
757040
648918
595027
752124
762636
649593
410205
305568
358519
522663
262222
104614
323620
715664
548507
543777
2711
56251
314286
505055
97655
379013
246945
484376
579676
366253
646932
306355
752690
458152
199825
224398
472413
671698
757515
764442
666600
735528
125797
525587
381467
471236
256476
207335
478469
548905
121579
454506
571125
554922
622108
761302
362166
128185
249051
555840
103910
32686
397271
309163
27526
150804
445868
495168
372947
401275
61453
350737
721497
157720
592053
390896
571938
485519
29700
484056
678504
125020
666409
321213
191065
89290
210085
105639
499165
280985
397205
704153
220028
220830
685715
591465
765783
143545
733345
756268
141321
339480
584801
252620
63703
373050
244167
712915
466120
454943
642018
715790
578440
190594
345745
323276
62368
404079
649736
162288
3913
605443
383050
311878
332057
765792
578065
661032
292313
156215
277215
374315
157308
157290
178574
748839
647963
478003
507475
392848
712181
654702
528700
85756
490920
656636
601825
67076
246615
511765
724609
158365
442178
281725
24275
396565
522722
13907
601380
557865
391550
534072
606394
620279
657091
593900
188648
327679
666571
249881
614727
479807
248807
221205
102675
702511
555485
425739
721682
251348
231505
59222
129702
461917
273119
79915
251825
219201
724824
68145
541266
518264
665347
139101
591720
100840
486466
149899
123250
558346
755566
550486
74550
30635
255682
617286
454985
669393
109960
511591
580220
288127
200641
421667
420385
145388
444269
165509
141890
111725
433840
170262
136785
385190
179538
222182
589920
660096
671009
346694
103430
446796
371829
71974
53159
298181
631953
626438
151392
617048
300938
553453
444946
369586
646320
119641
633172
393480
58730
334370
127321
297419
650017
9959
469200
423611
107978
280394
54000
494101
456804
51471
99561
226441
461995
558588
683743
93843
350426
423805
684517
105505
522690
47505
370136
90922
598807
232094
756295
46917
538797
234248
363214
620493
434554
197269
739211
603793
373932
692049
219821
745325
258828
228219
68769
360759
186017
668125
391295
754015
50058
491999
568265
133334
341065
693462
316153
487805
225212
555310
392981
384959
647509
72952
172775
200405
607478
335230
211034
451046
502947
152140
207156
569572
520879
407735
202318
721361
721866
726675
3024
111561
2858
470464
373862
216103
197436
83270
573522
365967
350225
17860
197850
54375
201445
243837
141560
769569
540085
357864
635544
336162
278487
355885
43300
656955
628899
106175
698193
308511
748545
174682
34988
647296
528733
347210
125253
650130
689130
735500
323039
49556
537435
639506
233220
255179
298810
50565
739142
510911
39165
436621
266295
441149
296377
489689
580183
11514
313738
311912
660559
670772
217046
603501
389209
286140
47481
687122
270237
703027
137745
311127
46946
271594
419204
305795
163405
545750
11504
533423
130730
332960
749076
763210
409098
121645
585136
305849
86998
82262
135000
89630
738010
96028
10659
357008
1769
686251
262684
329024
102315
437621
707797
279469
264110
692949
598140
429599
539358
619558
395445
756983
322680
580139
99403
659831
101015
244420
245726
311416
464023
118030
537858
344232
490836
469973
464996
418933
475834
67264
283493
393747
270633
723898
152005
13505
252114
548403
209675
602637
108551
163215
486803
262463
664280
651380
439630
336127
764547
398825
746486
685116
677531
82879
450813
300276
176955
692017
449769
327306
651941
118135
632370
349272
702911
657831
597165
397985
654185
194058
199192
38416
598555
575580
523069
598321
362186
117947
497928
258288
686087
566180
704817
340238
272138
360083
643663
585203
142045
735075
271289
520080
15122
382480
489340
63290
38845
36332
141313
456159
221814
287367
340827
692291
526805
583367
178031
446445
388836
654829
702491
574142
297620
522442
727959
386040
598448
534419
621465
521470
41604
727255
214403
151154
555265
190489
574297
701550
40985
651821
634203
43314
753039
600832
287843
656187
429095
72992
534825
350729
188821
61166
555202
131530
530415
213321
369580
37895
393699
111830
743053
349789
298826
420985
731747
539601
21041
40855
118170
91217
266611
395425
429493
730850
720807
576124
523927
287040
498337
663883
699633
132145
468699
442115
650944
603080
616530
169530
148675
244833
750132
643720
721497
442710
744186
771165
706960
210160
411907
469169
506786
136598
251358
552652
718952
248932
492843
576974
498013
670753
594020
302026
771529
523768
37563
700129
583262
541067
108466
755601
611858
607916
74485
528866
169756
252399
202066
268690
174302
570826
126049
165311
400512
220295
454537
93512
655845
461657
722520
718274
408834
559404
491680
599981
372535
610795
472123
658620
131555
739100
378857
532391
529085
415055
20744
743240
642531
47360
542388
376823
34515
94589
152232
378750
205120
94340
101780
152844
663333
652854
458109
55776
712758
383648
177875
183433
216009
317233
584766
356494
259745
292452
730661
380030
233604
43979
495780
766730
535225
370770
507149
717648
385106
453322
664912
60075
763963
22710
667258
334724
718105
362614
172420
435570
574804
317100
355895
303783
128453
649265
27375
21158
438429
480452
750795
346046
95138
606003
92261
582764
17663
215705
397940
416044
103402
111684
357165
686919
226559
704859
627520
354900
499195
659910
416041
657310
663314
184879
656041
583448
366110
375482
443659
199610
703974
167436
617580
642134
537905
520985
478515
440730
215142
546751
369502
585474
232216
44955
353777
18952
470115
712859
614420
625928
623310
211433
72741
150836
755925
357493
16607
636817
560995
427141
286680
390810
117310
721249
695810
592129
182287
8081
752668
467189
633810
689610
297270
172378
512091
73727
250908
119567
647406
456705
660154
241295
166996
391225
653542
473439
369730
379935
677322
447362
83630
430339
698680
730268
305227
394051
686728
279553
759009
425790
767240
506861
45593
8690
489571
346014
669449
764067
6274
615036
502752
38673
288230
533151
275201
708262
248162
401549
748465
41880
322255
300690
635165
718857
405613
758657
204983
510044
268757
446806
574171
427127
714516
508826
215098
299889
337194
198120
335441
98212
442038
5706
719232
416210
766214
234015
598831
479125
643043
197390
225095
411198
404490
399300
452057
589232
381383
44993
344807
176873
528625
136080
85752
335775
542854
519757
222390
237033
196629
655066
9546
23550
325057
22389
346848
600993
490610
521505
285965
657238
